[2022-10-19 19:10:06] Error: undefined Not allowed by CORS
    at origin (D:\files\system development\mernstack\buytech\server[typescript]\config\cors.ts:7:59)
    at D:\files\system development\mernstack\buytech\node_modules\cors\lib\index.js:219:13
    at optionsCallback (D:\files\system development\mernstack\buytech\node_modules\cors\lib\index.js:199:9)
    at corsMiddleware (D:\files\system development\mernstack\buytech\node_modules\cors\lib\index.js:204:7)
    at Layer.handle [as handle_request] (D:\files\system development\mernstack\buytech\node_modules\express\lib\router\layer.js:95:5)
    at trim_prefix (D:\files\system development\mernstack\buytech\node_modules\express\lib\router\index.js:328:13)
    at D:\files\system development\mernstack\buytech\node_modules\express\lib\router\index.js:286:9
    at Function.process_params (D:\files\system development\mernstack\buytech\node_modules\express\lib\router\index.js:346:12)
    at next (D:\files\system development\mernstack\buytech\node_modules\express\lib\router\index.js:280:10)
    at expressInit (D:\files\system development\mernstack\buytech\node_modules\express\lib\middleware\init.js:40:5)

[2022-10-19 19:11:01] Error: Not authorized, token expired!
    at D:\files\system development\mernstack\buytech\server[typescript]\middlewares\authMiddleware.ts:27:13
    at asyncUtilWrap (D:\files\system development\mernstack\buytech\node_modules\express-async-handler\index.js:3:20)
    at Layer.handle [as handle_request] (D:\files\system development\mernstack\buytech\node_modules\express\lib\router\layer.js:95:5)
    at next (D:\files\system development\mernstack\buytech\node_modules\express\lib\router\route.js:144:13)
    at next (D:\files\system development\mernstack\buytech\node_modules\express\lib\router\route.js:138:14)
    at next (D:\files\system development\mernstack\buytech\node_modules\express\lib\router\route.js:138:14)
    at Route.dispatch (D:\files\system development\mernstack\buytech\node_modules\express\lib\router\route.js:114:3)
    at Layer.handle [as handle_request] (D:\files\system development\mernstack\buytech\node_modules\express\lib\router\layer.js:95:5)
    at D:\files\system development\mernstack\buytech\node_modules\express\lib\router\index.js:284:15
    at Function.process_params (D:\files\system development\mernstack\buytech\node_modules\express\lib\router\index.js:346:12)

[2022-10-19 19:18:06] Error: undefined Not allowed by CORS
    at origin (D:\files\system development\mernstack\buytech\server[typescript]\config\cors.ts:7:59)
    at D:\files\system development\mernstack\buytech\node_modules\cors\lib\index.js:219:13
    at optionsCallback (D:\files\system development\mernstack\buytech\node_modules\cors\lib\index.js:199:9)
    at corsMiddleware (D:\files\system development\mernstack\buytech\node_modules\cors\lib\index.js:204:7)
    at Layer.handle [as handle_request] (D:\files\system development\mernstack\buytech\node_modules\express\lib\router\layer.js:95:5)
    at trim_prefix (D:\files\system development\mernstack\buytech\node_modules\express\lib\router\index.js:328:13)
    at D:\files\system development\mernstack\buytech\node_modules\express\lib\router\index.js:286:9
    at Function.process_params (D:\files\system development\mernstack\buytech\node_modules\express\lib\router\index.js:346:12)
    at next (D:\files\system development\mernstack\buytech\node_modules\express\lib\router\index.js:280:10)
    at expressInit (D:\files\system development\mernstack\buytech\node_modules\express\lib\middleware\init.js:40:5)

[2022-10-19 19:18:06] Error: undefined Not allowed by CORS
    at origin (D:\files\system development\mernstack\buytech\server[typescript]\config\cors.ts:7:59)
    at D:\files\system development\mernstack\buytech\node_modules\cors\lib\index.js:219:13
    at optionsCallback (D:\files\system development\mernstack\buytech\node_modules\cors\lib\index.js:199:9)
    at corsMiddleware (D:\files\system development\mernstack\buytech\node_modules\cors\lib\index.js:204:7)
    at Layer.handle [as handle_request] (D:\files\system development\mernstack\buytech\node_modules\express\lib\router\layer.js:95:5)
    at trim_prefix (D:\files\system development\mernstack\buytech\node_modules\express\lib\router\index.js:328:13)
    at D:\files\system development\mernstack\buytech\node_modules\express\lib\router\index.js:286:9
    at Function.process_params (D:\files\system development\mernstack\buytech\node_modules\express\lib\router\index.js:346:12)
    at next (D:\files\system development\mernstack\buytech\node_modules\express\lib\router\index.js:280:10)
    at expressInit (D:\files\system development\mernstack\buytech\node_modules\express\lib\middleware\init.js:40:5)

[2022-10-19 19:21:00] Error: undefined Not allowed by CORS
    at origin (D:\files\system development\mernstack\buytech\server[typescript]\config\cors.ts:7:59)
    at D:\files\system development\mernstack\buytech\node_modules\cors\lib\index.js:219:13
    at optionsCallback (D:\files\system development\mernstack\buytech\node_modules\cors\lib\index.js:199:9)
    at corsMiddleware (D:\files\system development\mernstack\buytech\node_modules\cors\lib\index.js:204:7)
    at Layer.handle [as handle_request] (D:\files\system development\mernstack\buytech\node_modules\express\lib\router\layer.js:95:5)
    at trim_prefix (D:\files\system development\mernstack\buytech\node_modules\express\lib\router\index.js:328:13)
    at D:\files\system development\mernstack\buytech\node_modules\express\lib\router\index.js:286:9
    at Function.process_params (D:\files\system development\mernstack\buytech\node_modules\express\lib\router\index.js:346:12)
    at next (D:\files\system development\mernstack\buytech\node_modules\express\lib\router\index.js:280:10)
    at expressInit (D:\files\system development\mernstack\buytech\node_modules\express\lib\middleware\init.js:40:5)

[2022-10-19 19:21:00] Error: undefined Not allowed by CORS
    at origin (D:\files\system development\mernstack\buytech\server[typescript]\config\cors.ts:7:59)
    at D:\files\system development\mernstack\buytech\node_modules\cors\lib\index.js:219:13
    at optionsCallback (D:\files\system development\mernstack\buytech\node_modules\cors\lib\index.js:199:9)
    at corsMiddleware (D:\files\system development\mernstack\buytech\node_modules\cors\lib\index.js:204:7)
    at Layer.handle [as handle_request] (D:\files\system development\mernstack\buytech\node_modules\express\lib\router\layer.js:95:5)
    at trim_prefix (D:\files\system development\mernstack\buytech\node_modules\express\lib\router\index.js:328:13)
    at D:\files\system development\mernstack\buytech\node_modules\express\lib\router\index.js:286:9
    at Function.process_params (D:\files\system development\mernstack\buytech\node_modules\express\lib\router\index.js:346:12)
    at next (D:\files\system development\mernstack\buytech\node_modules\express\lib\router\index.js:280:10)
    at expressInit (D:\files\system development\mernstack\buytech\node_modules\express\lib\middleware\init.js:40:5)

[2022-10-19 19:22:12] Error: undefined Not allowed by CORS
    at origin (D:\files\system development\mernstack\buytech\server[typescript]\config\cors.ts:7:59)
    at D:\files\system development\mernstack\buytech\node_modules\cors\lib\index.js:219:13
    at optionsCallback (D:\files\system development\mernstack\buytech\node_modules\cors\lib\index.js:199:9)
    at corsMiddleware (D:\files\system development\mernstack\buytech\node_modules\cors\lib\index.js:204:7)
    at Layer.handle [as handle_request] (D:\files\system development\mernstack\buytech\node_modules\express\lib\router\layer.js:95:5)
    at trim_prefix (D:\files\system development\mernstack\buytech\node_modules\express\lib\router\index.js:328:13)
    at D:\files\system development\mernstack\buytech\node_modules\express\lib\router\index.js:286:9
    at Function.process_params (D:\files\system development\mernstack\buytech\node_modules\express\lib\router\index.js:346:12)
    at next (D:\files\system development\mernstack\buytech\node_modules\express\lib\router\index.js:280:10)
    at expressInit (D:\files\system development\mernstack\buytech\node_modules\express\lib\middleware\init.js:40:5)

[2022-10-19 19:22:12] Error: undefined Not allowed by CORS
    at origin (D:\files\system development\mernstack\buytech\server[typescript]\config\cors.ts:7:59)
    at D:\files\system development\mernstack\buytech\node_modules\cors\lib\index.js:219:13
    at optionsCallback (D:\files\system development\mernstack\buytech\node_modules\cors\lib\index.js:199:9)
    at corsMiddleware (D:\files\system development\mernstack\buytech\node_modules\cors\lib\index.js:204:7)
    at Layer.handle [as handle_request] (D:\files\system development\mernstack\buytech\node_modules\express\lib\router\layer.js:95:5)
    at trim_prefix (D:\files\system development\mernstack\buytech\node_modules\express\lib\router\index.js:328:13)
    at D:\files\system development\mernstack\buytech\node_modules\express\lib\router\index.js:286:9
    at Function.process_params (D:\files\system development\mernstack\buytech\node_modules\express\lib\router\index.js:346:12)
    at next (D:\files\system development\mernstack\buytech\node_modules\express\lib\router\index.js:280:10)
    at expressInit (D:\files\system development\mernstack\buytech\node_modules\express\lib\middleware\init.js:40:5)

[2022-10-19 19:22:29] Error: undefined Not allowed by CORS
    at origin (D:\files\system development\mernstack\buytech\server[typescript]\config\cors.ts:7:59)
    at D:\files\system development\mernstack\buytech\node_modules\cors\lib\index.js:219:13
    at optionsCallback (D:\files\system development\mernstack\buytech\node_modules\cors\lib\index.js:199:9)
    at corsMiddleware (D:\files\system development\mernstack\buytech\node_modules\cors\lib\index.js:204:7)
    at Layer.handle [as handle_request] (D:\files\system development\mernstack\buytech\node_modules\express\lib\router\layer.js:95:5)
    at trim_prefix (D:\files\system development\mernstack\buytech\node_modules\express\lib\router\index.js:328:13)
    at D:\files\system development\mernstack\buytech\node_modules\express\lib\router\index.js:286:9
    at Function.process_params (D:\files\system development\mernstack\buytech\node_modules\express\lib\router\index.js:346:12)
    at next (D:\files\system development\mernstack\buytech\node_modules\express\lib\router\index.js:280:10)
    at expressInit (D:\files\system development\mernstack\buytech\node_modules\express\lib\middleware\init.js:40:5)

[2022-10-19 19:22:29] Error: undefined Not allowed by CORS
    at origin (D:\files\system development\mernstack\buytech\server[typescript]\config\cors.ts:7:59)
    at D:\files\system development\mernstack\buytech\node_modules\cors\lib\index.js:219:13
    at optionsCallback (D:\files\system development\mernstack\buytech\node_modules\cors\lib\index.js:199:9)
    at corsMiddleware (D:\files\system development\mernstack\buytech\node_modules\cors\lib\index.js:204:7)
    at Layer.handle [as handle_request] (D:\files\system development\mernstack\buytech\node_modules\express\lib\router\layer.js:95:5)
    at trim_prefix (D:\files\system development\mernstack\buytech\node_modules\express\lib\router\index.js:328:13)
    at D:\files\system development\mernstack\buytech\node_modules\express\lib\router\index.js:286:9
    at Function.process_params (D:\files\system development\mernstack\buytech\node_modules\express\lib\router\index.js:346:12)
    at next (D:\files\system development\mernstack\buytech\node_modules\express\lib\router\index.js:280:10)
    at expressInit (D:\files\system development\mernstack\buytech\node_modules\express\lib\middleware\init.js:40:5)

[2022-10-19 19:22:40] Error: undefined Not allowed by CORS
    at origin (D:\files\system development\mernstack\buytech\server[typescript]\config\cors.ts:7:59)
    at D:\files\system development\mernstack\buytech\node_modules\cors\lib\index.js:219:13
    at optionsCallback (D:\files\system development\mernstack\buytech\node_modules\cors\lib\index.js:199:9)
    at corsMiddleware (D:\files\system development\mernstack\buytech\node_modules\cors\lib\index.js:204:7)
    at Layer.handle [as handle_request] (D:\files\system development\mernstack\buytech\node_modules\express\lib\router\layer.js:95:5)
    at trim_prefix (D:\files\system development\mernstack\buytech\node_modules\express\lib\router\index.js:328:13)
    at D:\files\system development\mernstack\buytech\node_modules\express\lib\router\index.js:286:9
    at Function.process_params (D:\files\system development\mernstack\buytech\node_modules\express\lib\router\index.js:346:12)
    at next (D:\files\system development\mernstack\buytech\node_modules\express\lib\router\index.js:280:10)
    at expressInit (D:\files\system development\mernstack\buytech\node_modules\express\lib\middleware\init.js:40:5)

[2022-10-19 19:23:04] Error: undefined Not allowed by CORS
    at origin (D:\files\system development\mernstack\buytech\server[typescript]\config\cors.ts:7:59)
    at D:\files\system development\mernstack\buytech\node_modules\cors\lib\index.js:219:13
    at optionsCallback (D:\files\system development\mernstack\buytech\node_modules\cors\lib\index.js:199:9)
    at corsMiddleware (D:\files\system development\mernstack\buytech\node_modules\cors\lib\index.js:204:7)
    at Layer.handle [as handle_request] (D:\files\system development\mernstack\buytech\node_modules\express\lib\router\layer.js:95:5)
    at trim_prefix (D:\files\system development\mernstack\buytech\node_modules\express\lib\router\index.js:328:13)
    at D:\files\system development\mernstack\buytech\node_modules\express\lib\router\index.js:286:9
    at Function.process_params (D:\files\system development\mernstack\buytech\node_modules\express\lib\router\index.js:346:12)
    at next (D:\files\system development\mernstack\buytech\node_modules\express\lib\router\index.js:280:10)
    at expressInit (D:\files\system development\mernstack\buytech\node_modules\express\lib\middleware\init.js:40:5)

[2022-10-19 19:23:04] Error: undefined Not allowed by CORS
    at origin (D:\files\system development\mernstack\buytech\server[typescript]\config\cors.ts:7:59)
    at D:\files\system development\mernstack\buytech\node_modules\cors\lib\index.js:219:13
    at optionsCallback (D:\files\system development\mernstack\buytech\node_modules\cors\lib\index.js:199:9)
    at corsMiddleware (D:\files\system development\mernstack\buytech\node_modules\cors\lib\index.js:204:7)
    at Layer.handle [as handle_request] (D:\files\system development\mernstack\buytech\node_modules\express\lib\router\layer.js:95:5)
    at trim_prefix (D:\files\system development\mernstack\buytech\node_modules\express\lib\router\index.js:328:13)
    at D:\files\system development\mernstack\buytech\node_modules\express\lib\router\index.js:286:9
    at Function.process_params (D:\files\system development\mernstack\buytech\node_modules\express\lib\router\index.js:346:12)
    at next (D:\files\system development\mernstack\buytech\node_modules\express\lib\router\index.js:280:10)
    at expressInit (D:\files\system development\mernstack\buytech\node_modules\express\lib\middleware\init.js:40:5)

[2022-10-19 19:24:26] Error: undefined Not allowed by CORS
    at origin (D:\files\system development\mernstack\buytech\server[typescript]\config\cors.ts:7:59)
    at D:\files\system development\mernstack\buytech\node_modules\cors\lib\index.js:219:13
    at optionsCallback (D:\files\system development\mernstack\buytech\node_modules\cors\lib\index.js:199:9)
    at corsMiddleware (D:\files\system development\mernstack\buytech\node_modules\cors\lib\index.js:204:7)
    at Layer.handle [as handle_request] (D:\files\system development\mernstack\buytech\node_modules\express\lib\router\layer.js:95:5)
    at trim_prefix (D:\files\system development\mernstack\buytech\node_modules\express\lib\router\index.js:328:13)
    at D:\files\system development\mernstack\buytech\node_modules\express\lib\router\index.js:286:9
    at Function.process_params (D:\files\system development\mernstack\buytech\node_modules\express\lib\router\index.js:346:12)
    at next (D:\files\system development\mernstack\buytech\node_modules\express\lib\router\index.js:280:10)
    at expressInit (D:\files\system development\mernstack\buytech\node_modules\express\lib\middleware\init.js:40:5)

[2022-10-19 19:24:26] Error: undefined Not allowed by CORS
    at origin (D:\files\system development\mernstack\buytech\server[typescript]\config\cors.ts:7:59)
    at D:\files\system development\mernstack\buytech\node_modules\cors\lib\index.js:219:13
    at optionsCallback (D:\files\system development\mernstack\buytech\node_modules\cors\lib\index.js:199:9)
    at corsMiddleware (D:\files\system development\mernstack\buytech\node_modules\cors\lib\index.js:204:7)
    at Layer.handle [as handle_request] (D:\files\system development\mernstack\buytech\node_modules\express\lib\router\layer.js:95:5)
    at trim_prefix (D:\files\system development\mernstack\buytech\node_modules\express\lib\router\index.js:328:13)
    at D:\files\system development\mernstack\buytech\node_modules\express\lib\router\index.js:286:9
    at Function.process_params (D:\files\system development\mernstack\buytech\node_modules\express\lib\router\index.js:346:12)
    at next (D:\files\system development\mernstack\buytech\node_modules\express\lib\router\index.js:280:10)
    at expressInit (D:\files\system development\mernstack\buytech\node_modules\express\lib\middleware\init.js:40:5)

[2022-10-19 19:35:31] Error: undefined Not allowed by CORS
    at origin (D:\files\system development\mernstack\buytech\server[typescript]\config\cors.ts:7:59)
    at D:\files\system development\mernstack\buytech\node_modules\cors\lib\index.js:219:13
    at optionsCallback (D:\files\system development\mernstack\buytech\node_modules\cors\lib\index.js:199:9)
    at corsMiddleware (D:\files\system development\mernstack\buytech\node_modules\cors\lib\index.js:204:7)
    at Layer.handle [as handle_request] (D:\files\system development\mernstack\buytech\node_modules\express\lib\router\layer.js:95:5)
    at trim_prefix (D:\files\system development\mernstack\buytech\node_modules\express\lib\router\index.js:328:13)
    at D:\files\system development\mernstack\buytech\node_modules\express\lib\router\index.js:286:9
    at Function.process_params (D:\files\system development\mernstack\buytech\node_modules\express\lib\router\index.js:346:12)
    at next (D:\files\system development\mernstack\buytech\node_modules\express\lib\router\index.js:280:10)
    at expressInit (D:\files\system development\mernstack\buytech\node_modules\express\lib\middleware\init.js:40:5)

[2022-10-19 19:35:31] Error: undefined Not allowed by CORS
    at origin (D:\files\system development\mernstack\buytech\server[typescript]\config\cors.ts:7:59)
    at D:\files\system development\mernstack\buytech\node_modules\cors\lib\index.js:219:13
    at optionsCallback (D:\files\system development\mernstack\buytech\node_modules\cors\lib\index.js:199:9)
    at corsMiddleware (D:\files\system development\mernstack\buytech\node_modules\cors\lib\index.js:204:7)
    at Layer.handle [as handle_request] (D:\files\system development\mernstack\buytech\node_modules\express\lib\router\layer.js:95:5)
    at trim_prefix (D:\files\system development\mernstack\buytech\node_modules\express\lib\router\index.js:328:13)
    at D:\files\system development\mernstack\buytech\node_modules\express\lib\router\index.js:286:9
    at Function.process_params (D:\files\system development\mernstack\buytech\node_modules\express\lib\router\index.js:346:12)
    at next (D:\files\system development\mernstack\buytech\node_modules\express\lib\router\index.js:280:10)
    at expressInit (D:\files\system development\mernstack\buytech\node_modules\express\lib\middleware\init.js:40:5)

[2022-10-19 19:35:49] Error: undefined Not allowed by CORS
    at origin (D:\files\system development\mernstack\buytech\server[typescript]\config\cors.ts:7:59)
    at D:\files\system development\mernstack\buytech\node_modules\cors\lib\index.js:219:13
    at optionsCallback (D:\files\system development\mernstack\buytech\node_modules\cors\lib\index.js:199:9)
    at corsMiddleware (D:\files\system development\mernstack\buytech\node_modules\cors\lib\index.js:204:7)
    at Layer.handle [as handle_request] (D:\files\system development\mernstack\buytech\node_modules\express\lib\router\layer.js:95:5)
    at trim_prefix (D:\files\system development\mernstack\buytech\node_modules\express\lib\router\index.js:328:13)
    at D:\files\system development\mernstack\buytech\node_modules\express\lib\router\index.js:286:9
    at Function.process_params (D:\files\system development\mernstack\buytech\node_modules\express\lib\router\index.js:346:12)
    at next (D:\files\system development\mernstack\buytech\node_modules\express\lib\router\index.js:280:10)
    at expressInit (D:\files\system development\mernstack\buytech\node_modules\express\lib\middleware\init.js:40:5)

[2022-10-19 19:35:49] Error: undefined Not allowed by CORS
    at origin (D:\files\system development\mernstack\buytech\server[typescript]\config\cors.ts:7:59)
    at D:\files\system development\mernstack\buytech\node_modules\cors\lib\index.js:219:13
    at optionsCallback (D:\files\system development\mernstack\buytech\node_modules\cors\lib\index.js:199:9)
    at corsMiddleware (D:\files\system development\mernstack\buytech\node_modules\cors\lib\index.js:204:7)
    at Layer.handle [as handle_request] (D:\files\system development\mernstack\buytech\node_modules\express\lib\router\layer.js:95:5)
    at trim_prefix (D:\files\system development\mernstack\buytech\node_modules\express\lib\router\index.js:328:13)
    at D:\files\system development\mernstack\buytech\node_modules\express\lib\router\index.js:286:9
    at Function.process_params (D:\files\system development\mernstack\buytech\node_modules\express\lib\router\index.js:346:12)
    at next (D:\files\system development\mernstack\buytech\node_modules\express\lib\router\index.js:280:10)
    at expressInit (D:\files\system development\mernstack\buytech\node_modules\express\lib\middleware\init.js:40:5)

[2022-10-19 19:45:40] Error: undefined Not allowed by CORS
    at origin (D:\files\system development\mernstack\buytech\server[typescript]\config\cors.ts:7:59)
    at D:\files\system development\mernstack\buytech\node_modules\cors\lib\index.js:219:13
    at optionsCallback (D:\files\system development\mernstack\buytech\node_modules\cors\lib\index.js:199:9)
    at corsMiddleware (D:\files\system development\mernstack\buytech\node_modules\cors\lib\index.js:204:7)
    at Layer.handle [as handle_request] (D:\files\system development\mernstack\buytech\node_modules\express\lib\router\layer.js:95:5)
    at trim_prefix (D:\files\system development\mernstack\buytech\node_modules\express\lib\router\index.js:328:13)
    at D:\files\system development\mernstack\buytech\node_modules\express\lib\router\index.js:286:9
    at Function.process_params (D:\files\system development\mernstack\buytech\node_modules\express\lib\router\index.js:346:12)
    at next (D:\files\system development\mernstack\buytech\node_modules\express\lib\router\index.js:280:10)
    at expressInit (D:\files\system development\mernstack\buytech\node_modules\express\lib\middleware\init.js:40:5)

[2022-10-19 19:45:40] Error: undefined Not allowed by CORS
    at origin (D:\files\system development\mernstack\buytech\server[typescript]\config\cors.ts:7:59)
    at D:\files\system development\mernstack\buytech\node_modules\cors\lib\index.js:219:13
    at optionsCallback (D:\files\system development\mernstack\buytech\node_modules\cors\lib\index.js:199:9)
    at corsMiddleware (D:\files\system development\mernstack\buytech\node_modules\cors\lib\index.js:204:7)
    at Layer.handle [as handle_request] (D:\files\system development\mernstack\buytech\node_modules\express\lib\router\layer.js:95:5)
    at trim_prefix (D:\files\system development\mernstack\buytech\node_modules\express\lib\router\index.js:328:13)
    at D:\files\system development\mernstack\buytech\node_modules\express\lib\router\index.js:286:9
    at Function.process_params (D:\files\system development\mernstack\buytech\node_modules\express\lib\router\index.js:346:12)
    at next (D:\files\system development\mernstack\buytech\node_modules\express\lib\router\index.js:280:10)
    at expressInit (D:\files\system development\mernstack\buytech\node_modules\express\lib\middleware\init.js:40:5)

[2022-10-19 19:50:29] Error: undefined Not allowed by CORS
    at origin (D:\files\system development\mernstack\buytech\server[typescript]\config\cors.ts:7:59)
    at D:\files\system development\mernstack\buytech\node_modules\cors\lib\index.js:219:13
    at optionsCallback (D:\files\system development\mernstack\buytech\node_modules\cors\lib\index.js:199:9)
    at corsMiddleware (D:\files\system development\mernstack\buytech\node_modules\cors\lib\index.js:204:7)
    at Layer.handle [as handle_request] (D:\files\system development\mernstack\buytech\node_modules\express\lib\router\layer.js:95:5)
    at trim_prefix (D:\files\system development\mernstack\buytech\node_modules\express\lib\router\index.js:328:13)
    at D:\files\system development\mernstack\buytech\node_modules\express\lib\router\index.js:286:9
    at Function.process_params (D:\files\system development\mernstack\buytech\node_modules\express\lib\router\index.js:346:12)
    at next (D:\files\system development\mernstack\buytech\node_modules\express\lib\router\index.js:280:10)
    at expressInit (D:\files\system development\mernstack\buytech\node_modules\express\lib\middleware\init.js:40:5)

[2022-10-19 19:50:29] Error: undefined Not allowed by CORS
    at origin (D:\files\system development\mernstack\buytech\server[typescript]\config\cors.ts:7:59)
    at D:\files\system development\mernstack\buytech\node_modules\cors\lib\index.js:219:13
    at optionsCallback (D:\files\system development\mernstack\buytech\node_modules\cors\lib\index.js:199:9)
    at corsMiddleware (D:\files\system development\mernstack\buytech\node_modules\cors\lib\index.js:204:7)
    at Layer.handle [as handle_request] (D:\files\system development\mernstack\buytech\node_modules\express\lib\router\layer.js:95:5)
    at trim_prefix (D:\files\system development\mernstack\buytech\node_modules\express\lib\router\index.js:328:13)
    at D:\files\system development\mernstack\buytech\node_modules\express\lib\router\index.js:286:9
    at Function.process_params (D:\files\system development\mernstack\buytech\node_modules\express\lib\router\index.js:346:12)
    at next (D:\files\system development\mernstack\buytech\node_modules\express\lib\router\index.js:280:10)
    at expressInit (D:\files\system development\mernstack\buytech\node_modules\express\lib\middleware\init.js:40:5)

[2022-10-19 19:50:33] Error: undefined Not allowed by CORS
    at origin (D:\files\system development\mernstack\buytech\server[typescript]\config\cors.ts:7:59)
    at D:\files\system development\mernstack\buytech\node_modules\cors\lib\index.js:219:13
    at optionsCallback (D:\files\system development\mernstack\buytech\node_modules\cors\lib\index.js:199:9)
    at corsMiddleware (D:\files\system development\mernstack\buytech\node_modules\cors\lib\index.js:204:7)
    at Layer.handle [as handle_request] (D:\files\system development\mernstack\buytech\node_modules\express\lib\router\layer.js:95:5)
    at trim_prefix (D:\files\system development\mernstack\buytech\node_modules\express\lib\router\index.js:328:13)
    at D:\files\system development\mernstack\buytech\node_modules\express\lib\router\index.js:286:9
    at Function.process_params (D:\files\system development\mernstack\buytech\node_modules\express\lib\router\index.js:346:12)
    at next (D:\files\system development\mernstack\buytech\node_modules\express\lib\router\index.js:280:10)
    at expressInit (D:\files\system development\mernstack\buytech\node_modules\express\lib\middleware\init.js:40:5)

[2022-10-19 19:50:33] Error: undefined Not allowed by CORS
    at origin (D:\files\system development\mernstack\buytech\server[typescript]\config\cors.ts:7:59)
    at D:\files\system development\mernstack\buytech\node_modules\cors\lib\index.js:219:13
    at optionsCallback (D:\files\system development\mernstack\buytech\node_modules\cors\lib\index.js:199:9)
    at corsMiddleware (D:\files\system development\mernstack\buytech\node_modules\cors\lib\index.js:204:7)
    at Layer.handle [as handle_request] (D:\files\system development\mernstack\buytech\node_modules\express\lib\router\layer.js:95:5)
    at trim_prefix (D:\files\system development\mernstack\buytech\node_modules\express\lib\router\index.js:328:13)
    at D:\files\system development\mernstack\buytech\node_modules\express\lib\router\index.js:286:9
    at Function.process_params (D:\files\system development\mernstack\buytech\node_modules\express\lib\router\index.js:346:12)
    at next (D:\files\system development\mernstack\buytech\node_modules\express\lib\router\index.js:280:10)
    at expressInit (D:\files\system development\mernstack\buytech\node_modules\express\lib\middleware\init.js:40:5)

